#
# There is insufficient memory for the Java Runtime Environment to continue.
# Native memory allocation (malloc) failed to allocate 1048576 bytes for AllocateHeap
# Possible reasons:
#   The system is out of physical RAM or swap space
#   In 32 bit mode, the process size limit was hit
# Possible solutions:
#   Reduce memory load on the system
#   Increase physical memory or swap space
#   Check if swap backing store is full
#   Use 64 bit Java on a 64 bit OS
#   Decrease Java heap size (-Xmx/-Xms)
#   Decrease number of Java threads
#   Decrease Java thread stack sizes (-Xss)
#   Set larger code cache with -XX:ReservedCodeCacheSize=
# This output file may be truncated or incomplete.
#
#  Out of Memory Error (memory/allocation.inline.hpp:61), pid=22404, tid=22432
#
# JRE version:  (8.0_45-b14) (build )
# Java VM: Java HotSpot(TM) 64-Bit Server VM (25.45-b02 mixed mode windows-amd64 compressed oops)
# Failed to write core dump. Minidumps are not enabled by default on client versions of Windows
#

---------------  T H R E A D  ---------------

Current thread (0x0000000000d4d800):  JavaThread "Unknown thread" [_thread_in_vm, id=22432, stack(0x00000000024d0000,0x00000000025d0000)]

Stack: [0x00000000024d0000,0x00000000025d0000]
Native frames: (J=compiled Java code, j=interpreted, Vv=VM code, C=native code)
V  [jvm.dll+0x32b57a]
V  [jvm.dll+0x279873]
V  [jvm.dll+0x27a509]
V  [jvm.dll+0x271825]
V  [jvm.dll+0x1606]
V  [jvm.dll+0x3f7fb2]
V  [jvm.dll+0x3f898f]
V  [jvm.dll+0x3f8a5d]
V  [jvm.dll+0x3f8c26]
V  [jvm.dll+0xf2cf2]
V  [jvm.dll+0x20f0c9]
V  [jvm.dll+0x240e0a]
V  [jvm.dll+0x15ba41]
C  [javaw.exe+0x217e]
C  [javaw.exe+0xcd17]
C  [javaw.exe+0xcdab]
C  [KERNEL32.DLL+0x13d2]
C  [ntdll.dll+0x15444]


---------------  P R O C E S S  ---------------

Java Threads: ( => current thread )

Other Threads:

=>0x0000000000d4d800 (exited) JavaThread "Unknown thread" [_thread_in_vm, id=22432, stack(0x00000000024d0000,0x00000000025d0000)]

VM state:not at safepoint (normal execution)

VM Mutex/Monitor currently owned by a thread: None

Heap:
 PSYoungGen      total 38400K, used 665K [0x00000000d5b80000, 0x00000000d8600000, 0x0000000100000000)
  eden space 33280K, 2% used [0x00000000d5b80000,0x00000000d5c26670,0x00000000d7c00000)
  from space 5120K, 0% used [0x00000000d8100000,0x00000000d8100000,0x00000000d8600000)
  to   space 5120K, 0% used [0x00000000d7c00000,0x00000000d7c00000,0x00000000d8100000)
 ParOldGen       total 87552K, used 0K [0x0000000081200000, 0x0000000086780000, 0x00000000d5b80000)
  object space 87552K, 0% used [0x0000000081200000,0x0000000081200000,0x0000000086780000)
 Metaspace       used 742K, capacity 4480K, committed 4480K, reserved 1056768K
  class space    used 75K, capacity 384K, committed 384K, reserved 1048576K

Card table byte_map: [0x0000000011aa0000,0x0000000011ea0000] byte_map_base: 0x0000000011697000

Marking Bits: (ParMarkBitMap*) 0x000000005d934040
 Begin Bits: [0x0000000012950000, 0x0000000014908000)
 End Bits:   [0x0000000014908000, 0x00000000168c0000)

Polling page: 0x0000000000d30000

CodeCache: size=245760Kb used=328Kb max_used=328Kb free=245431Kb
 bounds [0x00000000026e0000, 0x0000000002950000, 0x00000000116e0000]
 total_blobs=57 nmethods=0 adapters=37
 compilation: enabled

Compilation events (0 events):
No events

GC Heap History (0 events):
No events

Deoptimization events (0 events):
No events

Internal exceptions (0 events):
No events

Events (10 events):
Event: 0.688 loading class java/lang/Short
Event: 0.688 loading class java/lang/Short done
Event: 0.688 loading class java/lang/Integer
Event: 0.688 loading class java/lang/Integer done
Event: 0.688 loading class java/lang/Long
Event: 0.689 loading class java/lang/Long done
Event: 0.690 loading class java/lang/NullPointerException
Event: 0.690 loading class java/lang/NullPointerException done
Event: 0.690 loading class java/lang/ArithmeticException
Event: 0.690 loading class java/lang/ArithmeticException done


Dynamic libraries:
0x00007ff748f50000 - 0x00007ff748f87000 	C:\Program Files\Java\jre1.8.0_45\bin\javaw.exe
0x00007ffd04860000 - 0x00007ffd04a0c000 	C:\WINDOWS\SYSTEM32\ntdll.dll
0x00007ffd042a0000 - 0x00007ffd043de000 	C:\WINDOWS\system32\KERNEL32.DLL
0x00007ffd01a80000 - 0x00007ffd01b95000 	C:\WINDOWS\system32\KERNELBASE.dll
0x00007ffd00550000 - 0x00007ffd005de000 	C:\WINDOWS\system32\apphelp.dll
0x00007ffce28e0000 - 0x00007ffce2933000 	C:\WINDOWS\AppPatch\AppPatch64\AcGenral.DLL
0x00007ffd02040000 - 0x00007ffd020ea000 	C:\WINDOWS\system32\msvcrt.dll
0x00007ffd017e0000 - 0x00007ffd0180e000 	C:\WINDOWS\SYSTEM32\SspiCli.dll
0x00007ffd04800000 - 0x00007ffd04854000 	C:\WINDOWS\system32\SHLWAPI.dll
0x00007ffd02a30000 - 0x00007ffd02ba7000 	C:\WINDOWS\system32\USER32.dll
0x00007ffd020f0000 - 0x00007ffd02284000 	C:\WINDOWS\system32\ole32.dll
0x00007ffd02d80000 - 0x00007ffd04298000 	C:\WINDOWS\system32\SHELL32.dll
0x00007ffd01120000 - 0x00007ffd01141000 	C:\WINDOWS\SYSTEM32\USERENV.dll
0x00007ffd02bb0000 - 0x00007ffd02c5a000 	C:\WINDOWS\system32\ADVAPI32.dll
0x00007ffcf5e40000 - 0x00007ffcf5e5e000 	C:\WINDOWS\SYSTEM32\MPR.dll
0x00007ffd044a0000 - 0x00007ffd045e1000 	C:\WINDOWS\system32\RPCRT4.dll
0x00007ffd02440000 - 0x00007ffd02499000 	C:\WINDOWS\SYSTEM32\sechost.dll
0x00007ffd024b0000 - 0x00007ffd026c1000 	C:\WINDOWS\SYSTEM32\combase.dll
0x00007ffd01ee0000 - 0x00007ffd02031000 	C:\WINDOWS\system32\GDI32.dll
0x00007ffd019b0000 - 0x00007ffd019c5000 	C:\WINDOWS\SYSTEM32\profapi.dll
0x00007ffcfff00000 - 0x00007ffcfffb2000 	C:\WINDOWS\SYSTEM32\SHCORE.dll
0x00007ffd02d40000 - 0x00007ffd02d76000 	C:\WINDOWS\system32\IMM32.DLL
0x00007ffd028b0000 - 0x00007ffd02a02000 	C:\WINDOWS\system32\MSCTF.dll
0x00007ffcffa80000 - 0x00007ffcffcfb000 	C:\WINDOWS\WinSxS\amd64_microsoft.windows.common-controls_6595b64144ccf1df_6.0.9600.17784_none_624760d1ecb7236e\COMCTL32.dll
0x000000005cf80000 - 0x000000005d052000 	C:\Program Files\Java\jre1.8.0_45\bin\msvcr100.dll
0x000000005d130000 - 0x000000005d9b3000 	C:\Program Files\Java\jre1.8.0_45\bin\server\jvm.dll
0x00007ffcfb100000 - 0x00007ffcfb109000 	C:\WINDOWS\SYSTEM32\WSOCK32.dll
0x00007ffcff500000 - 0x00007ffcff522000 	C:\WINDOWS\SYSTEM32\WINMM.dll
0x00007ffcff690000 - 0x00007ffcff69a000 	C:\WINDOWS\SYSTEM32\VERSION.dll
0x00007ffd024a0000 - 0x00007ffd024a7000 	C:\WINDOWS\system32\PSAPI.DLL
0x00007ffd047a0000 - 0x00007ffd047fa000 	C:\WINDOWS\system32\WS2_32.dll
0x00007ffcfedc0000 - 0x00007ffcfedea000 	C:\WINDOWS\SYSTEM32\WINMMBASE.dll
0x00007ffd02d30000 - 0x00007ffd02d39000 	C:\WINDOWS\system32\NSI.dll
0x00007ffd01de0000 - 0x00007ffd01e2f000 	C:\WINDOWS\SYSTEM32\cfgmgr32.dll
0x00007ffd007c0000 - 0x00007ffd007e8000 	C:\WINDOWS\SYSTEM32\DEVOBJ.dll
0x000000005d120000 - 0x000000005d12f000 	C:\Program Files\Java\jre1.8.0_45\bin\verify.dll
0x000000005d0f0000 - 0x000000005d119000 	C:\Program Files\Java\jre1.8.0_45\bin\java.dll
0x000000005d0d0000 - 0x000000005d0e6000 	C:\Program Files\Java\jre1.8.0_45\bin\zip.dll
0x00007ffcf7b30000 - 0x00007ffcf7cb9000 	C:\WINDOWS\SYSTEM32\dbghelp.dll

VM Arguments:
jvm_args: -Dfile.encoding=Cp1252 
java_command: polytech.tours.di.parallel.tsp.Launcher config/config.xml
java_class_path (initial): D:\Documents\Valerian\Cours\S6\Outils de syncronisation\code-v2\code\bin
Launcher Type: SUN_STANDARD

Environment Variables:
PATH=C:/Program Files/Java/jre1.8.0_45/bin/server;C:/Program Files/Java/jre1.8.0_45/bin;C:/Program Files/Java/jre1.8.0_45/lib/amd64;C:\Program Files\NVIDIA GPU Computing Toolkit\CUDA\v7.0\bin;C:\Program Files\NVIDIA GPU Computing Toolkit\CUDA\v7.0\libnvvp;C:\ProgramData\Oracle\Java\javapath;C:\Program Files (x86)\Intel\iCLS Client\;C:\Program Files\Intel\iCLS Client\;C:\WINDOWS\system32;C:\WINDOWS;C:\WINDOWS\System32\Wbem;C:\WINDOWS\System32\WindowsPowerShell\v1.0\;C:\Program Files\Intel\WiFi\bin\;C:\Program Files\Common Files\Intel\WirelessCommon\;C:\Program Files\Intel\Intel(R) Management Engine Components\DAL;C:\Program Files\Intel\Intel(R) Management Engine Components\IPT;C:\Program Files (x86)\Intel\Intel(R) Management Engine Components\DAL;C:\Program Files (x86)\Intel\Intel(R) Management Engine Components\IPT;C:\Program Files (x86)\QuickTime\QTSystem\;C:\Program Files (x86)\Windows Kits\8.1\Windows Performance Toolkit\;C:\Program Files\Microsoft SQL Server\110\Tools\Binn\;C:\Program Files (x86)\Microsoft SDKs\TypeScript\1.0\;C:\Program Files\Microsoft SQL Server\120\Tools\Binn\;C:\Program Files\Java\jdk8\bin;C:\mingw\bin;D:\Microsoft Visual Studio 12.0\VC\bin;C:\Program Files (x86)\NVIDIA Corporation\PhysX\Common;C:\Program Files (x86)\Skype\Phone\;C:\Program Files (x86)\Microsoft SDKs\Azure\CLI\wbin;C:\Program Files\Intel\WiFi\bin\;C:\Program Files\Common Files\Intel\WirelessCommon\;S:\eclipse;
USERNAME=Admin
OS=Windows_NT
PROCESSOR_IDENTIFIER=Intel64 Family 6 Model 60 Stepping 3, GenuineIntel



---------------  S Y S T E M  ---------------

OS: Windows 8.1 , 64 bit Build 9600 (6.3.9600.17415)

CPU:total 8 (4 cores per cpu, 2 threads per core) family 6 model 60 stepping 3, cmov, cx8, fxsr, mmx, sse, sse2, sse3, ssse3, sse4.1, sse4.2, popcnt, avx, avx2, aes, clmul, erms, lzcnt, ht, tsc, tscinvbit, bmi1, bmi2

Memory: 4k page, physical 8306912k(2800788k free), swap 33472736k(5064k free)

vm_info: Java HotSpot(TM) 64-Bit Server VM (25.45-b02) for windows-amd64 JRE (1.8.0_45-b14), built on Apr 10 2015 10:34:15 by "java_re" with MS VC++ 10.0 (VS2010)

time: Sun May 24 17:00:31 2015
elapsed time: 0 seconds (0d 0h 0m 0s)

