La génération a démarré 30/05/2015 11:43:14.
     1>Projet "D:\Documents\Valerian\Cours\S6\C++\GraphProject\GraphProject\GraphProject\GraphProject\GraphProject.vcxproj" sur le nœud 2 (Build cible(s)).
     1>ClCompile:
         D:\Microsoft Visual Studio 12.0\VC\bin\CL.exe /c /Zi /nologo /W3 /WX- /sdl /O2 /Oi /Oy- /GL /D WIN32 /D NDEBUG /D _CONSOLE /D _LIB /D _UNICODE /D UNICODE /Gm- /EHsc /MD /GS /Gy /fp:precise /Zc:wchar_t /Zc:forScope /Fo"Release\\" /Fd"Release\vc120.pdb" /Gd /TP /analyze- /errorReport:prompt CEdge.cpp CEdgeUtil.cpp CGraph.cpp CGraphUtil.cpp CNode.cpp CNodeUtil.cpp CStringUtil.cpp Main.cpp
         CEdge.cpp
         CEdgeUtil.cpp
         CGraph.cpp
         CGraphUtil.cpp
         CNode.cpp
         CNodeUtil.cpp
         CStringUtil.cpp
         Main.cpp
       Link:
         D:\Microsoft Visual Studio 12.0\VC\bin\link.exe /ERRORREPORT:PROMPT /OUT:"D:\Documents\Valerian\Cours\S6\C++\GraphProject\GraphProject\GraphProject\Release\GraphProject.exe" /INCREMENTAL:NO /NOLOGO kernel32.lib user32.lib gdi32.lib winspool.lib comdlg32.lib advapi32.lib shell32.lib ole32.lib oleaut32.lib uuid.lib odbc32.lib odbccp32.lib /MANIFEST /MANIFESTUAC:"level='asInvoker' uiAccess='false'" /manifest:embed /DEBUG /PDB:"D:\Documents\Valerian\Cours\S6\C++\GraphProject\GraphProject\GraphProject\Release\GraphProject.pdb" /SUBSYSTEM:CONSOLE /OPT:REF /OPT:ICF /LTCG /TLBID:1 /DYNAMICBASE /NXCOMPAT /IMPLIB:"D:\Documents\Valerian\Cours\S6\C++\GraphProject\GraphProject\GraphProject\Release\GraphProject.lib" /MACHINE:X86 /SAFESEH Release\CEdge.obj
         Release\Cexception.obj
         Release\CGraph.obj
         Release\CNode.obj
         Release\CEdgeUtil.obj
         Release\CGraphUtil.obj
         Release\Main.obj
         Release\CNodeUtil.obj
         Release\CStringUtil.obj
         Génération de code en cours
         Fin de la génération du code
         GraphProject.vcxproj -> D:\Documents\Valerian\Cours\S6\C++\GraphProject\GraphProject\GraphProject\Release\GraphProject.exe
     1>Génération du projet "D:\Documents\Valerian\Cours\S6\C++\GraphProject\GraphProject\GraphProject\GraphProject\GraphProject.vcxproj" terminée (Build cible(s)).

La génération a réussi.

Temps écoulé 00:00:02.99
