#
# There is insufficient memory for the Java Runtime Environment to continue.
# Cannot create GC thread. Out of system resources.
# Possible reasons:
#   The system is out of physical RAM or swap space
#   In 32 bit mode, the process size limit was hit
# Possible solutions:
#   Reduce memory load on the system
#   Increase physical memory or swap space
#   Check if swap backing store is full
#   Use 64 bit Java on a 64 bit OS
#   Decrease Java heap size (-Xmx/-Xms)
#   Decrease number of Java threads
#   Decrease Java thread stack sizes (-Xss)
#   Set larger code cache with -XX:ReservedCodeCacheSize=
# This output file may be truncated or incomplete.
#
#  Out of Memory Error (gcTaskThread.cpp:48), pid=13855, tid=0x00007ff3af6ff1c0
#
# JRE version:  (8.0_102-b14) (build )
# Java VM: OpenJDK 64-Bit Server VM (25.102-b14 mixed mode linux-amd64 compressed oops)
# Core dump written. Default location: /home/hux/NetBeansProjects/RobotWeb/core or core.13855
#

---------------  T H R E A D  ---------------

Current thread (0x00000000025ea000):  JavaThread "Unknown thread" [_thread_in_vm, id=13855, stack(0x00007ffc03929000,0x00007ffc03a29000)]

Stack: [0x00007ffc03929000,0x00007ffc03a29000],  sp=0x00007ffc03a235f0,  free space=1001k
Native frames: (J=compiled Java code, j=interpreted, Vv=VM code, C=native code)
V  [libjvm.so+0xa63e00]
V  [libjvm.so+0x4c505c]
V  [libjvm.so+0x5a2f5f]
V  [libjvm.so+0x5a20f7]
V  [libjvm.so+0x8d8ff2]
V  [libjvm.so+0xa28251]
V  [libjvm.so+0xa284b2]
V  [libjvm.so+0x60c70f]
V  [libjvm.so+0xa0cdba]
V  [libjvm.so+0x683911]  JNI_CreateJavaVM+0x61
C  [libjli.so+0x2d07]
C  [libjli.so+0x7eaa]
C  [libjli.so+0x46f7]
C  [libjli.so+0x5059]  JLI_Launch+0x829
C  [java+0x611]
C  [libc.so.6+0x20291]  __libc_start_main+0xf1


---------------  P R O C E S S  ---------------

Java Threads: ( => current thread )

Other Threads:

=>0x00000000025ea000 (exited) JavaThread "Unknown thread" [_thread_in_vm, id=13855, stack(0x00007ffc03929000,0x00007ffc03a29000)]

VM state:not at safepoint (not fully initialized)

VM Mutex/Monitor currently owned by a thread: None

GC Heap History (0 events):
No events

Deoptimization events (0 events):
No events

Internal exceptions (0 events):
No events

Events (0 events):
No events


Dynamic libraries:
00400000-00401000 r-xp 00000000 08:0a 3161005                            /usr/lib/jvm/java-8-openjdk/jre/bin/java
00600000-00601000 rw-p 00000000 08:0a 3161005                            /usr/lib/jvm/java-8-openjdk/jre/bin/java
025cf000-0260b000 rw-p 00000000 00:00 0                                  [heap]
85000000-8a300000 rw-p 00000000 00:00 0 
8a300000-d7000000 ---p 00000000 00:00 0 
d7000000-d9900000 rw-p 00000000 00:00 0 
d9900000-100000000 ---p 00000000 00:00 0 
7ff39d258000-7ff39d282000 rw-p 00000000 00:00 0 
7ff39d282000-7ff39d4e8000 ---p 00000000 00:00 0 
7ff39d4e8000-7ff39d512000 rw-p 00000000 00:00 0 
7ff39d512000-7ff39d778000 ---p 00000000 00:00 0 
7ff39d778000-7ff39d78d000 rw-p 00000000 00:00 0 
7ff39d78d000-7ff39d8c0000 ---p 00000000 00:00 0 
7ff39d8c0000-7ff39d8cb000 rw-p 00000000 00:00 0 
7ff39d8cb000-7ff39dc81000 ---p 00000000 00:00 0 
7ff39dc81000-7ff39def1000 rwxp 00000000 00:00 0 
7ff39def1000-7ff3acc81000 ---p 00000000 00:00 0 
7ff3acc81000-7ff3acc89000 r-xp 00000000 08:0a 3160973                    /usr/lib/jvm/java-8-openjdk/jre/lib/amd64/libzip.so
7ff3acc89000-7ff3ace88000 ---p 00008000 08:0a 3160973                    /usr/lib/jvm/java-8-openjdk/jre/lib/amd64/libzip.so
7ff3ace88000-7ff3ace89000 rw-p 00007000 08:0a 3160973                    /usr/lib/jvm/java-8-openjdk/jre/lib/amd64/libzip.so
7ff3ace89000-7ff3ace93000 r-xp 00000000 08:0a 2362587                    /usr/lib/libnss_files-2.24.so
7ff3ace93000-7ff3ad093000 ---p 0000a000 08:0a 2362587                    /usr/lib/libnss_files-2.24.so
7ff3ad093000-7ff3ad094000 r--p 0000a000 08:0a 2362587                    /usr/lib/libnss_files-2.24.so
7ff3ad094000-7ff3ad095000 rw-p 0000b000 08:0a 2362587                    /usr/lib/libnss_files-2.24.so
7ff3ad095000-7ff3ad09b000 rw-p 00000000 00:00 0 
7ff3ad09b000-7ff3ad0c7000 r-xp 00000000 08:0a 3160972                    /usr/lib/jvm/java-8-openjdk/jre/lib/amd64/libjava.so
7ff3ad0c7000-7ff3ad2c7000 ---p 0002c000 08:0a 3160972                    /usr/lib/jvm/java-8-openjdk/jre/lib/amd64/libjava.so
7ff3ad2c7000-7ff3ad2c9000 rw-p 0002c000 08:0a 3160972                    /usr/lib/jvm/java-8-openjdk/jre/lib/amd64/libjava.so
7ff3ad2c9000-7ff3ad2d6000 r-xp 00000000 08:0a 3160964                    /usr/lib/jvm/java-8-openjdk/jre/lib/amd64/libverify.so
7ff3ad2d6000-7ff3ad4d5000 ---p 0000d000 08:0a 3160964                    /usr/lib/jvm/java-8-openjdk/jre/lib/amd64/libverify.so
7ff3ad4d5000-7ff3ad4d7000 rw-p 0000c000 08:0a 3160964                    /usr/lib/jvm/java-8-openjdk/jre/lib/amd64/libverify.so
7ff3ad4d7000-7ff3ad4de000 r-xp 00000000 08:0a 2362595                    /usr/lib/librt-2.24.so
7ff3ad4de000-7ff3ad6dd000 ---p 00007000 08:0a 2362595                    /usr/lib/librt-2.24.so
7ff3ad6dd000-7ff3ad6de000 r--p 00006000 08:0a 2362595                    /usr/lib/librt-2.24.so
7ff3ad6de000-7ff3ad6df000 rw-p 00007000 08:0a 2362595                    /usr/lib/librt-2.24.so
7ff3ad6df000-7ff3ad7e2000 r-xp 00000000 08:0a 2362592                    /usr/lib/libm-2.24.so
7ff3ad7e2000-7ff3ad9e1000 ---p 00103000 08:0a 2362592                    /usr/lib/libm-2.24.so
7ff3ad9e1000-7ff3ad9e2000 r--p 00102000 08:0a 2362592                    /usr/lib/libm-2.24.so
7ff3ad9e2000-7ff3ad9e3000 rw-p 00103000 08:0a 2362592                    /usr/lib/libm-2.24.so
7ff3ad9e3000-7ff3ae643000 r-xp 00000000 08:0a 3160996                    /usr/lib/jvm/java-8-openjdk/jre/lib/amd64/server/libjvm.so
7ff3ae643000-7ff3ae843000 ---p 00c60000 08:0a 3160996                    /usr/lib/jvm/java-8-openjdk/jre/lib/amd64/server/libjvm.so
7ff3ae843000-7ff3ae8ff000 rw-p 00c60000 08:0a 3160996                    /usr/lib/jvm/java-8-openjdk/jre/lib/amd64/server/libjvm.so
7ff3ae8ff000-7ff3ae92f000 rw-p 00000000 00:00 0 
7ff3ae92f000-7ff3aeac4000 r-xp 00000000 08:0a 2362534                    /usr/lib/libc-2.24.so
7ff3aeac4000-7ff3aecc3000 ---p 00195000 08:0a 2362534                    /usr/lib/libc-2.24.so
7ff3aecc3000-7ff3aecc7000 r--p 00194000 08:0a 2362534                    /usr/lib/libc-2.24.so
7ff3aecc7000-7ff3aecc9000 rw-p 00198000 08:0a 2362534                    /usr/lib/libc-2.24.so
7ff3aecc9000-7ff3aeccd000 rw-p 00000000 00:00 0 
7ff3aeccd000-7ff3aeccf000 r-xp 00000000 08:0a 2362591                    /usr/lib/libdl-2.24.so
7ff3aeccf000-7ff3aeecf000 ---p 00002000 08:0a 2362591                    /usr/lib/libdl-2.24.so
7ff3aeecf000-7ff3aeed0000 r--p 00002000 08:0a 2362591                    /usr/lib/libdl-2.24.so
7ff3aeed0000-7ff3aeed1000 rw-p 00003000 08:0a 2362591                    /usr/lib/libdl-2.24.so
7ff3aeed1000-7ff3aeede000 r-xp 00000000 08:0a 3160993                    /usr/lib/jvm/java-8-openjdk/jre/lib/amd64/jli/libjli.so
7ff3aeede000-7ff3af0dd000 ---p 0000d000 08:0a 3160993                    /usr/lib/jvm/java-8-openjdk/jre/lib/amd64/jli/libjli.so
7ff3af0dd000-7ff3af0de000 rw-p 0000c000 08:0a 3160993                    /usr/lib/jvm/java-8-openjdk/jre/lib/amd64/jli/libjli.so
7ff3af0de000-7ff3af0f3000 r-xp 00000000 08:0a 2372968                    /usr/lib/libz.so.1.2.8
7ff3af0f3000-7ff3af2f2000 ---p 00015000 08:0a 2372968                    /usr/lib/libz.so.1.2.8
7ff3af2f2000-7ff3af2f3000 r--p 00014000 08:0a 2372968                    /usr/lib/libz.so.1.2.8
7ff3af2f3000-7ff3af2f4000 rw-p 00015000 08:0a 2372968                    /usr/lib/libz.so.1.2.8
7ff3af2f4000-7ff3af30c000 r-xp 00000000 08:0a 2362515                    /usr/lib/libpthread-2.24.so
7ff3af30c000-7ff3af50b000 ---p 00018000 08:0a 2362515                    /usr/lib/libpthread-2.24.so
7ff3af50b000-7ff3af50c000 r--p 00017000 08:0a 2362515                    /usr/lib/libpthread-2.24.so
7ff3af50c000-7ff3af50d000 rw-p 00018000 08:0a 2362515                    /usr/lib/libpthread-2.24.so
7ff3af50d000-7ff3af511000 rw-p 00000000 00:00 0 
7ff3af511000-7ff3af534000 r-xp 00000000 08:0a 2362533                    /usr/lib/ld-2.24.so
7ff3af5fd000-7ff3af5fe000 ---p 00000000 00:00 0 
7ff3af5fe000-7ff3af700000 rw-p 00000000 00:00 0 
7ff3af727000-7ff3af72f000 rw-s 00000000 00:25 127171                     /tmp/hsperfdata_hux/13855
7ff3af72f000-7ff3af730000 rw-p 00000000 00:00 0 
7ff3af730000-7ff3af731000 r--p 00000000 00:00 0 
7ff3af731000-7ff3af733000 rw-p 00000000 00:00 0 
7ff3af733000-7ff3af734000 r--p 00022000 08:0a 2362533                    /usr/lib/ld-2.24.so
7ff3af734000-7ff3af735000 rw-p 00023000 08:0a 2362533                    /usr/lib/ld-2.24.so
7ff3af735000-7ff3af736000 rw-p 00000000 00:00 0 
7ffc03929000-7ffc0392c000 ---p 00000000 00:00 0 
7ffc0392d000-7ffc03a29000 rw-p 00000000 00:00 0                          [stack]
7ffc03b9e000-7ffc03ba0000 r--p 00000000 00:00 0                          [vvar]
7ffc03ba0000-7ffc03ba2000 r-xp 00000000 00:00 0                          [vdso]
ffffffffff600000-ffffffffff601000 r-xp 00000000 00:00 0                  [vsyscall]

VM Arguments:
jvm_args: -Dfile.encoding=UTF-8 
java_command: robotweb.main
java_class_path (initial): /home/hux/NetBeansProjects/RobotWeb/build/classes
Launcher Type: SUN_STANDARD

Environment Variables:
PATH=/usr/local/sbin:/usr/local/bin:/usr/bin:/usr/lib/jvm/default/bin:/usr/bin/site_perl:/usr/bin/vendor_perl:/usr/bin/core_perl
LD_LIBRARY_PATH=/usr/lib/jvm/default/bin/../jre/lib/amd64:/usr/lib/jvm/default/bin/../jre/lib/i386:
SHELL=/bin/bash
DISPLAY=:0

Signal Handlers:
SIGSEGV: [libjvm.so+0xa64890], sa_mask[0]=11111111011111111101111111111110, sa_flags=SA_RESTART|SA_SIGINFO
SIGBUS: [libjvm.so+0xa64890], sa_mask[0]=11111111011111111101111111111110, sa_flags=SA_RESTART|SA_SIGINFO
SIGFPE: [libjvm.so+0x8afab0], sa_mask[0]=11111111011111111101111111111110, sa_flags=SA_RESTART|SA_SIGINFO
SIGPIPE: [libjvm.so+0x8afab0], sa_mask[0]=11111111011111111101111111111110, sa_flags=SA_RESTART|SA_SIGINFO
SIGXFSZ: [libjvm.so+0x8afab0], sa_mask[0]=11111111011111111101111111111110, sa_flags=SA_RESTART|SA_SIGINFO
SIGILL: [libjvm.so+0x8afab0], sa_mask[0]=11111111011111111101111111111110, sa_flags=SA_RESTART|SA_SIGINFO
SIGUSR1: SIG_DFL, sa_mask[0]=00000000000000000000000000000000, sa_flags=none
SIGUSR2: [libjvm.so+0x8af960], sa_mask[0]=00100000000000000000000000000000, sa_flags=SA_RESTART|SA_SIGINFO
SIGHUP: SIG_DFL, sa_mask[0]=00000000000000000000000000000000, sa_flags=none
SIGINT: SIG_IGN, sa_mask[0]=00000000000000000000000000000000, sa_flags=none
SIGTERM: SIG_DFL, sa_mask[0]=00000000000000000000000000000000, sa_flags=none
SIGQUIT: SIG_DFL, sa_mask[0]=00000000000000000000000000000000, sa_flags=none


---------------  S Y S T E M  ---------------

OS:NAME="Antergos Linux"
VERSION="16.9-Minimal-ISO-Rolling"
ID=antergos
ID_LIKE=arch
PRETTY_NAME="Antergos Linux"
ANSI_COLOR="1;34;40"
HOME_URL="https://antergos.com/"
SUPPORT_URL="https://forum.antergos.com/"
BUG_REPORT_URL="https://github.com/antergos"


uname:Linux 4.7.6-1-ARCH #1 SMP PREEMPT Fri Sep 30 19:28:42 CEST 2016 x86_64
libc:glibc 2.24 NPTL 2.24 
rlimit: STACK 8192k, CORE infinity, NPROC 31186, NOFILE 4096, AS infinity
load average:1.28 1.23 0.80

/proc/meminfo:
MemTotal:        8058080 kB
MemFree:         3267100 kB
MemAvailable:    4348420 kB
Buffers:           78352 kB
Cached:          1364948 kB
SwapCached:            0 kB
Active:          3163652 kB
Inactive:         953472 kB
Active(anon):    2558976 kB
Inactive(anon):   290504 kB
Active(file):     604676 kB
Inactive(file):   662968 kB
Unevictable:          80 kB
Mlocked:              80 kB
SwapTotal:        524284 kB
SwapFree:         524284 kB
Dirty:               144 kB
Writeback:             0 kB
AnonPages:       2608944 kB
Mapped:           327316 kB
Shmem:            175656 kB
Slab:             165624 kB
SReclaimable:      74144 kB
SUnreclaim:        91480 kB
KernelStack:      175376 kB
PageTables:        47840 kB
NFS_Unstable:          0 kB
Bounce:                0 kB
WritebackTmp:          0 kB
CommitLimit:     4553324 kB
Committed_AS:   16071740 kB
VmallocTotal:   34359738367 kB
VmallocUsed:           0 kB
VmallocChunk:          0 kB
HardwareCorrupted:     0 kB
AnonHugePages:    892928 kB
HugePages_Total:       0
HugePages_Free:        0
HugePages_Rsvd:        0
HugePages_Surp:        0
Hugepagesize:       2048 kB
DirectMap4k:      103872 kB
DirectMap2M:     2920448 kB
DirectMap1G:     6291456 kB


CPU:total 4 (2 cores per cpu, 2 threads per core) family 6 model 69 stepping 1, cmov, cx8, fxsr, mmx, sse, sse2, sse3, ssse3, sse4.1, sse4.2, popcnt, avx, avx2, aes, clmul, erms, lzcnt, ht, tsc, tscinvbit, bmi1, bmi2

/proc/cpuinfo:
processor	: 0
vendor_id	: GenuineIntel
cpu family	: 6
model		: 69
model name	: Intel(R) Core(TM) i7-4500U CPU @ 1.80GHz
stepping	: 1
microcode	: 0x17
cpu MHz		: 2700.000
cache size	: 4096 KB
physical id	: 0
siblings	: 4
core id		: 0
cpu cores	: 2
apicid		: 0
initial apicid	: 0
fpu		: yes
fpu_exception	: yes
cpuid level	: 13
wp		: yes
flags		: fpu vme de pse tsc msr pae mce cx8 apic sep mtrr pge mca cmov pat pse36 clflush dts acpi mmx fxsr sse sse2 ss ht tm pbe syscall nx pdpe1gb rdtscp lm constant_tsc arch_perfmon pebs bts rep_good nopl xtopology nonstop_tsc aperfmperf eagerfpu pni pclmulqdq dtes64 monitor ds_cpl vmx est tm2 ssse3 sdbg fma cx16 xtpr pdcm pcid sse4_1 sse4_2 movbe popcnt tsc_deadline_timer aes xsave avx f16c rdrand lahf_lm abm epb tpr_shadow vnmi flexpriority ept vpid fsgsbase tsc_adjust bmi1 avx2 smep bmi2 erms invpcid xsaveopt dtherm ida arat pln pts
bugs		:
bogomips	: 4790.62
clflush size	: 64
cache_alignment	: 64
address sizes	: 39 bits physical, 48 bits virtual
power management:

processor	: 1
vendor_id	: GenuineIntel
cpu family	: 6
model		: 69
model name	: Intel(R) Core(TM) i7-4500U CPU @ 1.80GHz
stepping	: 1
microcode	: 0x17
cpu MHz		: 2700.000
cache size	: 4096 KB
physical id	: 0
siblings	: 4
core id		: 0
cpu cores	: 2
apicid		: 1
initial apicid	: 1
fpu		: yes
fpu_exception	: yes
cpuid level	: 13
wp		: yes
flags		: fpu vme de pse tsc msr pae mce cx8 apic sep mtrr pge mca cmov pat pse36 clflush dts acpi mmx fxsr sse sse2 ss ht tm pbe syscall nx pdpe1gb rdtscp lm constant_tsc arch_perfmon pebs bts rep_good nopl xtopology nonstop_tsc aperfmperf eagerfpu pni pclmulqdq dtes64 monitor ds_cpl vmx est tm2 ssse3 sdbg fma cx16 xtpr pdcm pcid sse4_1 sse4_2 movbe popcnt tsc_deadline_timer aes xsave avx f16c rdrand lahf_lm abm epb tpr_shadow vnmi flexpriority ept vpid fsgsbase tsc_adjust bmi1 avx2 smep bmi2 erms invpcid xsaveopt dtherm ida arat pln pts
bugs		:
bogomips	: 4793.30
clflush size	: 64
cache_alignment	: 64
address sizes	: 39 bits physical, 48 bits virtual
power management:

processor	: 2
vendor_id	: GenuineIntel
cpu family	: 6
model		: 69
model name	: Intel(R) Core(TM) i7-4500U CPU @ 1.80GHz
stepping	: 1
microcode	: 0x17
cpu MHz		: 2699.853
cache size	: 4096 KB
physical id	: 0
siblings	: 4
core id		: 1
cpu cores	: 2
apicid		: 2
initial apicid	: 2
fpu		: yes
fpu_exception	: yes
cpuid level	: 13
wp		: yes
flags		: fpu vme de pse tsc msr pae mce cx8 apic sep mtrr pge mca cmov pat pse36 clflush dts acpi mmx fxsr sse sse2 ss ht tm pbe syscall nx pdpe1gb rdtscp lm constant_tsc arch_perfmon pebs bts rep_good nopl xtopology nonstop_tsc aperfmperf eagerfpu pni pclmulqdq dtes64 monitor ds_cpl vmx est tm2 ssse3 sdbg fma cx16 xtpr pdcm pcid sse4_1 sse4_2 movbe popcnt tsc_deadline_timer aes xsave avx f16c rdrand lahf_lm abm epb tpr_shadow vnmi flexpriority ept vpid fsgsbase tsc_adjust bmi1 avx2 smep bmi2 erms invpcid xsaveopt dtherm ida arat pln pts
bugs		:
bogomips	: 4792.25
clflush size	: 64
cache_alignment	: 64
address sizes	: 39 bits physical, 48 bits virtual
power management:

processor	: 3
vendor_id	: GenuineIntel
cpu family	: 6
model		: 69
model name	: Intel(R) Core(TM) i7-4500U CPU @ 1.80GHz
stepping	: 1
microcode	: 0x17
cpu MHz		: 2700.000
cache size	: 4096 KB
physical id	: 0
siblings	: 4
core id		: 1
cpu cores	: 2
apicid		: 3
initial apicid	: 3
fpu		: yes
fpu_exception	: yes
cpuid level	: 13
wp		: yes
flags		: fpu vme de pse tsc msr pae mce cx8 apic sep mtrr pge mca cmov pat pse36 clflush dts acpi mmx fxsr sse sse2 ss ht tm pbe syscall nx pdpe1gb rdtscp lm constant_tsc arch_perfmon pebs bts rep_good nopl xtopology nonstop_tsc aperfmperf eagerfpu pni pclmulqdq dtes64 monitor ds_cpl vmx est tm2 ssse3 sdbg fma cx16 xtpr pdcm pcid sse4_1 sse4_2 movbe popcnt tsc_deadline_timer aes xsave avx f16c rdrand lahf_lm abm epb tpr_shadow vnmi flexpriority ept vpid fsgsbase tsc_adjust bmi1 avx2 smep bmi2 erms invpcid xsaveopt dtherm ida arat pln pts
bugs		:
bogomips	: 4792.34
clflush size	: 64
cache_alignment	: 64
address sizes	: 39 bits physical, 48 bits virtual
power management:



Memory: 4k page, physical 8058080k(3267100k free), swap 524284k(524284k free)

vm_info: OpenJDK 64-Bit Server VM (25.102-b14) for linux-amd64 JRE (1.8.0_102-b14), built on Jul 27 2016 07:46:42 by "builduser" with gcc 6.1.1 20160707

time: Fri Oct  7 17:30:38 2016
elapsed time: 0 seconds (0d 0h 0m 0s)

